<?xml version="1.0" encoding="UTF-8"?>
<!-- Generated by org.testng.reporters.JUnitXMLReporter -->
<testsuite ignored="0" hostname="DESKTOP-1EVTEJ0" failures="1" tests="1" name="contextTest" time="32.977" errors="0" timestamp="2023-08-03T10:06:22 IST">
  <testcase classname="Screenshot.ContextErrorTest" name="spelling" time="29.221">
    <failure type="java.lang.AssertionError" message="expected [We Offer] but found [What We Offer]">
      <![CDATA[java.lang.AssertionError: expected [We Offer] but found [What We Offer]
at Screenshot.context.Validati(context.java:22)
at Screenshot.ContextErrorTest.spelling(ContextErrorTest.java:10)
at java.base/java.util.ArrayList.forEach(ArrayList.java:1511)
... Removed 33 stack frames]]>
    </failure>
  </testcase> <!-- spelling -->
</testsuite> <!-- contextTest -->
